Could not open input file: leon
I´m going to delete 4090 tweets

Tweet ID:550476152Not found
Tweet ID:550190942Not found
Tweet ID:549235822Not found
Tweet ID:549226312Not found
Tweet ID:549175902Not found
Tweet ID:548826692Not found
Tweet ID:548761232Not found
Tweet ID:548719482Not found
Tweet ID:548704272Not found
Tweet ID:547676032Not found
Tweet ID:547459442Not found
Tweet ID:547320192Not found
Tweet ID:547301492Not found
Tweet ID:547244822Not found
Tweet ID:545668222Not found
Tweet ID:544952832Not found
Tweet ID:542672722Not found
Tweet ID:542671412Not found
Tweet ID:542658192Not found
Tweet ID:542612762Not found
Tweet ID:542467962Not found
Tweet ID:542022402Not found
Tweet ID:541964732Not found
Tweet ID:541958362Not found
Tweet ID:541946602Not found
Tweet ID:541944642Not found
Tweet ID:541710362Not found
Tweet ID:541707852Not found
Tweet ID:541643592Not found
Tweet ID:541604322Not found
Tweet ID:541555752Not found
Tweet ID:541478502Not found
Tweet ID:541477512Not found
Tweet ID:541472782Not found
Tweet ID:541221772Not found
Tweet ID:540099982Not found
Tweet ID:539576792Not found
Tweet ID:539515032Not found
Tweet ID:539492342Not found
Tweet ID:539423322Not found
Tweet ID:539418812Not found
Tweet ID:539373472Not found
Tweet ID:539371852Not found
Tweet ID:539366772Not found
Tweet ID:539361182Not found
Tweet ID:539325172Not found
Tweet ID:539307602Not found
Tweet ID:539306012Not found
Tweet ID:539304772Not found
Tweet ID:538432862Not found
Tweet ID:538429052Not found
Tweet ID:538406692Not found
Tweet ID:538221642Not found
Tweet ID:538176662Not found
Tweet ID:538147872Not found
Tweet ID:538110662Not found
Tweet ID:536330382Not found
Tweet ID:536285652Not found
Tweet ID:536283912Not found
Tweet ID:536283502Not found
Tweet ID:535408242Not found
Tweet ID:535327482Not found
Tweet ID:535283192Not found
Tweet ID:535259112Not found
Tweet ID:535256002Not found
Tweet ID:533542182Not found
Tweet ID:533540282Not found
Tweet ID:533535222Not found
Tweet ID:533435442Not found
Tweet ID:533428562Not found
Tweet ID:533230082Not found
Tweet ID:533049752Not found
Tweet ID:532838672Not found
Tweet ID:532826512Not found
Tweet ID:532673872Not found
Tweet ID:532669752Not found
Tweet ID:532648092Not found
Tweet ID:532645152Not found
Tweet ID:532634302Not found
Tweet ID:532616202Not found
Tweet ID:532606132Not found
Tweet ID:530946862Not found
Tweet ID:530818362Not found
Tweet ID:530814982Not found
Tweet ID:530814112Not found
Tweet ID:530230882Not found
Tweet ID:530160482Not found
Tweet ID:530138562Not found
Tweet ID:530056822Not found
Tweet ID:530054032Not found
Tweet ID:530000762Not found
Tweet ID:529999022Not found
Tweet ID:529905282Not found
Tweet ID:529899432Not found
Tweet ID:529544382Not found
Tweet ID:529309322Not found
Tweet ID:529308032Not found
Tweet ID:529033172Not found
Tweet ID:529012732Not found
Tweet ID:528852562Not found
Tweet ID:527908542Not found
Tweet ID:527672492Not found
Tweet ID:527549512Not found
Tweet ID:527489782Not found
Tweet ID:527444992Not found
Tweet ID:527438732Not found
Tweet ID:527421102Not found
Tweet ID:527389732Not found
Tweet ID:527051872Not found
Tweet ID:526922042Not found
Tweet ID:526902032Not found
Tweet ID:525628542Not found
Tweet ID:524946912Not found
Tweet ID:524351642Not found
Tweet ID:524301392Not found
Tweet ID:524160942Not found
Tweet ID:522961942Not found
Tweet ID:522471932Not found
Tweet ID:522421792Not found
Tweet ID:522415942Not found
Tweet ID:522264292Not found
Tweet ID:522232952Not found
Tweet ID:522230542Not found
Tweet ID:522205512Not found
Tweet ID:522183962Not found
Tweet ID:522102362Not found
Tweet ID:522013652Not found
Tweet ID:522007002Not found
Tweet ID:521920532Not found
Tweet ID:521444062Not found
Tweet ID:521260492Not found
Tweet ID:521169452Not found
Tweet ID:520976532Not found
Tweet ID:520766442Not found
Tweet ID:519537452Not found
Tweet ID:519516302Not found
Tweet ID:519515512Not found
Tweet ID:519514212Not found
Tweet ID:519508522Not found
Tweet ID:519505422Not found
Tweet ID:519491962Not found
Tweet ID:518343492Not found
Tweet ID:518342892Not found
Tweet ID:518300732Not found
Tweet ID:518292082Not found
Tweet ID:518256842Not found
Tweet ID:518232392Not found
Tweet ID:518141132Not found
Tweet ID:517613462Not found
Tweet ID:517538412Not found
Tweet ID:517366042Not found
Tweet ID:516047762Not found
Tweet ID:516024292Not found
Tweet ID:515952322Not found
Tweet ID:515615562Not found
Tweet ID:515607792Not found
Tweet ID:515606482Not found
Tweet ID:515604312Not found
Tweet ID:515454862Not found
Tweet ID:515448462Not found
Tweet ID:515446602Not found
Tweet ID:515445102Not found
Tweet ID:514844782Not found
Tweet ID:514829132Not found
Tweet ID:514684322Not found
Tweet ID:514682602Not found
Tweet ID:514087852Not found
Tweet ID:514047822Not found
Tweet ID:514013762Not found
Tweet ID:513909892Not found
Tweet ID:513906442Not found
Tweet ID:513903612Not found
Tweet ID:513901362Not found
Tweet ID:513897512Not found
Tweet ID:513893262Not found
Tweet ID:513892612Not found
Tweet ID:512403112Not found
Tweet ID:512402742Not found
Tweet ID:511152632Not found
Tweet ID:510852102Not found
Tweet ID:510851732Not found
Tweet ID:510846432Not found
Tweet ID:510846152Not found
Tweet ID:510769962Not found
Tweet ID:510607602Not found
Tweet ID:510521332Not found
Tweet ID:510508422Not found
Tweet ID:510504242Not found
Tweet ID:510502282Not found
Tweet ID:510501532Not found
Tweet ID:510494912Not found
Tweet ID:510491942Not found
Tweet ID:510489912Not found
Tweet ID:510486282Not found
Tweet ID:510483642Not found
Tweet ID:510482832Not found
Tweet ID:510479042Not found
Tweet ID:509362992Not found
Tweet ID:509075952Not found
Tweet ID:508685442Not found
Tweet ID:508684172Not found
Tweet ID:508624002Not found
Tweet ID:508513072Not found
Tweet ID:507976782Not found
Tweet ID:507950102Not found
Tweet ID:507885832Not found
Tweet ID:507883712Not found
Tweet ID:506105102Not found
Tweet ID:503837412Not found
Tweet ID:501657282Not found
Tweet ID:501531482Not found
Tweet ID:501529052Not found
Tweet ID:500557812Not found
Tweet ID:500438792Not found
Tweet ID:500424832Not found
Tweet ID:500421232Not found
Tweet ID:500393152Not found
Tweet ID:500354352Not found
Tweet ID:500303872Not found
Tweet ID:500297352Not found
Tweet ID:500295592Not found
Tweet ID:500126712Not found
Tweet ID:500064602Not found
Tweet ID:500037562Not found
Tweet ID:500017492Not found
Tweet ID:500009752Not found
Tweet ID:498715962Not found
Tweet ID:498452452Not found
Tweet ID:498423542Not found
Tweet ID:498346132Not found
Tweet ID:498301652Not found
Tweet ID:498276582Not found
Tweet ID:498274532Not found
Tweet ID:498238902Not found
Tweet ID:498233162Not found
Tweet ID:498004332Not found
Tweet ID:497844322Not found
Tweet ID:497599962Not found
Tweet ID:497582642Not found
Tweet ID:497306432Not found
Tweet ID:497302342Not found
Tweet ID:497260262Not found
Tweet ID:497217832Not found
Tweet ID:497200232Not found
Tweet ID:497194412Not found
Tweet ID:497176672Not found
Tweet ID:497174822Not found
Tweet ID:496789622Not found
Tweet ID:496675052Not found
Tweet ID:496674892Not found
Tweet ID:496559642Not found
Tweet ID:495809662Not found
Tweet ID:495631492Not found
Tweet ID:495491752Not found
Tweet ID:494742482Not found
Tweet ID:494382262Not found
Tweet ID:494331612Not found
Tweet ID:494130362Not found
Tweet ID:494104222Not found
Tweet ID:494087272Not found
Tweet ID:494080822Not found
Tweet ID:493974532Not found
Tweet ID:493959312Not found
Tweet ID:493733342Not found
Tweet ID:493489642Not found
Tweet ID:493421612Not found
Tweet ID:493377152Not found
Tweet ID:493349612Not found
Tweet ID:493317412Not found
Tweet ID:493110532Not found
Tweet ID:493091352Not found
Tweet ID:492992432Not found
Tweet ID:492988072Not found
Tweet ID:492979382Not found
Tweet ID:491796872Not found
Tweet ID:491507532Not found
Tweet ID:491447752Not found
Tweet ID:491443822Not found
Tweet ID:491435172Not found
Tweet ID:491432972Not found
Tweet ID:487183392Not found
Tweet ID:487036702Not found
Tweet ID:486993412Not found
Tweet ID:486990182Not found
Tweet ID:486747772Not found
Tweet ID:486705652Not found
Tweet ID:485254222Not found
Tweet ID:484522722Not found
Tweet ID:484410102Not found
Tweet ID:484409202Not found
Tweet ID:483962462Not found
Tweet ID:483900082Not found
Tweet ID:483825262Not found
Tweet ID:483782062Not found
Tweet ID:483659612Not found
Tweet ID:483618472Not found
Tweet ID:483553952Not found
Tweet ID:479571232Not found
Tweet ID:479560442Not found
Tweet ID:479559502Not found
Tweet ID:479518642Not found
Tweet ID:479095562Not found
Tweet ID:479018732Not found
Tweet ID:478856022Not found
Tweet ID:478844542Not found
Tweet ID:478825092Not found
Tweet ID:478623072Not found
Tweet ID:478622192Not found
Tweet ID:478605162Not found
Tweet ID:478604552Not found
Tweet ID:478569742Not found
Tweet ID:478438942Not found
Tweet ID:478434042Not found
Tweet ID:476956512Not found
Tweet ID:476656792Not found
Tweet ID:476646632Not found
Tweet ID:476626492Not found
Tweet ID:476387862Not found
Tweet ID:476382562Not found
Tweet ID:476319532Not found
Tweet ID:476267862Not found
Tweet ID:475443062Not found
Tweet ID:475411602Not found
Tweet ID:475400362Not found
Tweet ID:475399552Not found
Tweet ID:475265442Not found
Tweet ID:475142822Not found
Tweet ID:475110662Not found
Tweet ID:473637322Not found
Tweet ID:472652972Not found
Tweet ID:472651752Not found
Tweet ID:472433552Not found
Tweet ID:472393812Not found
Tweet ID:472304062Not found
Tweet ID:472209842Not found
Tweet ID:472201672Not found
Tweet ID:472199632Not found
Tweet ID:472153122Not found
Tweet ID:472144962Not found
Tweet ID:472121852Not found
Tweet ID:472084922Not found
Tweet ID:472080082Not found
Tweet ID:472046592Not found
Tweet ID:472041532Not found
Tweet ID:471962502Not found
Tweet ID:471961082Not found
Tweet ID:471949242Not found
Tweet ID:471930652Not found
Tweet ID:471900672Not found
Tweet ID:471746692Not found
Tweet ID:470552302Not found
Tweet ID:470525212Not found
Tweet ID:470377372Not found
Tweet ID:470238882Not found
Tweet ID:469959202Not found
Tweet ID:469856872Not found
Tweet ID:469549022Not found
Tweet ID:469468372Not found
Tweet ID:468466162Not found
Tweet ID:468324452Not found
Tweet ID:468234452Not found
Tweet ID:468221412Not found
Tweet ID:468166182Not found
Tweet ID:468079562Not found
Tweet ID:467962462Not found
Tweet ID:467961032Not found
Tweet ID:467951472Not found
Tweet ID:467942632Not found
Tweet ID:467934032Not found
Tweet ID:467877342Not found
Tweet ID:467870592Not found
Tweet ID:467857592Not found
Tweet ID:467794992Not found
Tweet ID:467726322Not found
Tweet ID:467055682Not found
Tweet ID:466808572Not found
Tweet ID:466806402Not found
Tweet ID:466216292Not found
Tweet ID:466040332Not found
Tweet ID:466004202Not found
Tweet ID:465947652Not found
Tweet ID:465868322Not found
Tweet ID:465792652Not found
Tweet ID:465745792Not found
Tweet ID:465726182Not found
Tweet ID:465721722Not found
Tweet ID:465719552Not found
Tweet ID:465701392Not found
Tweet ID:465700462Not found
Tweet ID:465539352Not found
Tweet ID:465282952Not found
Tweet ID:465236322Not found
Tweet ID:465212602Not found
Tweet ID:465204242Not found
Tweet ID:465179452Not found
Tweet ID:465144922Not found
Tweet ID:465133212Not found
Tweet ID:464942992Not found
Tweet ID:464923622Not found
Tweet ID:464844002Not found
Tweet ID:464821192Not found
Tweet ID:463574152Not found
Tweet ID:463510922Not found
Tweet ID:462998532Not found
Tweet ID:462978402Not found
Tweet ID:462889482Not found
Tweet ID:462691332Not found
Tweet ID:462686602Not found
Tweet ID:462636112Not found
Tweet ID:461767372Not found
Tweet ID:461739742Not found
Tweet ID:461732932Not found
Tweet ID:461317052Not found
Tweet ID:461299942Not found
Tweet ID:461181572Not found
Tweet ID:461066652Not found
Tweet ID:460966232Not found
Tweet ID:460901482Not found
Tweet ID:460900262Not found
Tweet ID:460585382Not found
Tweet ID:847172029Not found
Tweet ID:847132386Not found
Tweet ID:847122501Not found
Tweet ID:847113713Not found
Tweet ID:847082055Not found
Tweet ID:847048456Not found
Tweet ID:847027366Not found
Tweet ID:846961447Not found
Tweet ID:846946568Not found
Tweet ID:846897377Not found
Tweet ID:846867482Not found
Tweet ID:846848626Not found
Tweet ID:846842749Not found
Tweet ID:846827344Not found
Tweet ID:846825300Not found
Tweet ID:846822525Not found
Tweet ID:846815032Not found
Tweet ID:846814543Not found
Tweet ID:846811768Not found
Tweet ID:846802530Not found
Tweet ID:846793127Not found
Tweet ID:846769018Not found
Tweet ID:846426652Not found
Tweet ID:846415400Not found
Tweet ID:846412176Not found
Tweet ID:846404962Not found
Tweet ID:846404822Not found
Tweet ID:846403071Not found
Tweet ID:846401438Not found
Tweet ID:846401116Not found
Tweet ID:846372876Not found
Tweet ID:846371090Not found
Tweet ID:846369014Not found
Tweet ID:846367542Not found
Tweet ID:846359523Not found
Tweet ID:846358607Not found
Tweet ID:846357328Not found
Tweet ID:846341509Not found
Tweet ID:846339804Not found
Tweet ID:846315187Not found
Tweet ID:846312517Not found
Tweet ID:846310722Not found
Tweet ID:846309727Not found
Tweet ID:846278776Not found
Tweet ID:846268232Not found
Tweet ID:846030155Not found
Tweet ID:846030019Not found
Tweet ID:845968245Not found
Tweet ID:845967329Not found
Tweet ID:845926005Not found
Tweet ID:845832301Not found
Tweet ID:845825996Not found
Tweet ID:845823569Not found
Tweet ID:845821697Not found
Tweet ID:845820655Not found
Tweet ID:845805026Not found
Tweet ID:845804412Not found
Tweet ID:845803960Not found
Tweet ID:845797828Not found
Tweet ID:845796705Not found
Tweet ID:845796366Not found
Tweet ID:845796177Not found
Tweet ID:845795840Not found
Tweet ID:845785975Not found
Tweet ID:845681618Not found
Tweet ID:845628708Not found
Tweet ID:845592385Not found
Tweet ID:845582616Not found
Tweet ID:845580839Not found
Tweet ID:845573979Not found
Tweet ID:845569142Not found
Tweet ID:845568306Not found
Tweet ID:845169955Not found
Tweet ID:845127308Not found
Tweet ID:845113599Not found
Tweet ID:845064302Not found
Tweet ID:845048620Not found
Tweet ID:845039110Not found
Tweet ID:844996601Not found
Tweet ID:844712450Not found
Tweet ID:844712402Not found
Tweet ID:844706368Not found
Tweet ID:844705257Not found
Tweet ID:844650544Not found
Tweet ID:844648193Not found
Tweet ID:844630292Not found
Tweet ID:844602941Not found
Tweet ID:844602476Not found
Tweet ID:844600859Not found
Tweet ID:844585095Not found
Tweet ID:844568760Not found
Tweet ID:844486230Not found
Tweet ID:844481810Not found
Tweet ID:844477944Not found
Tweet ID:844472147Not found
Tweet ID:844465959Not found
Tweet ID:844462482Not found
Tweet ID:844316907Not found
Tweet ID:844316306Not found
Tweet ID:844310976Not found
Tweet ID:844305189Not found
Tweet ID:844304696Not found
Tweet ID:844294588Not found
Tweet ID:844157975Not found
Tweet ID:844153745Not found
Tweet ID:843733532Not found
Tweet ID:843400868Not found
I´m going to delete 4090 tweets

Tweet ID:843393875Not found
Tweet ID:843389879Not found
Tweet ID:843378645Not found
Tweet ID:843377571Not found
Tweet ID:550476152Not found
Tweet ID:843364958Not found
Tweet ID:550190942Not found
Tweet ID:843326710Not found
Tweet ID:549235822Not found
Tweet ID:843271952Not found
Tweet ID:549226312Not found
Tweet ID:843271647Not found
Tweet ID:549175902Not found
Tweet ID:843266287Not found
Tweet ID:548826692Not found
Tweet ID:843246665Not found
Tweet ID:548761232Not found
Tweet ID:843245359Not found
Tweet ID:548719482Not found
Tweet ID:843243336Not found
Tweet ID:548704272Not found
Tweet ID:843241189Not found
Tweet ID:547676032Not found
Tweet ID:547459442Not found
Tweet ID:843179260Not found
Tweet ID:547320192Not found
Tweet ID:843175221Not found
Tweet ID:547301492Not found
Tweet ID:843168570Not found
Tweet ID:547244822Not found
Tweet ID:843163069Not found
Tweet ID:545668222Not found
Tweet ID:843000384Not found
Tweet ID:544952832Not found
Tweet ID:842881345Not found
Tweet ID:542672722Not found
Tweet ID:842878954Not found
Tweet ID:542671412Not found
Tweet ID:842878560Not found
Tweet ID:542658192Not found
Tweet ID:842876515Not found
Tweet ID:542612762Not found
Tweet ID:842849963Not found
Tweet ID:542467962Not found
Tweet ID:542022402Not found
Tweet ID:541964732Not found
Tweet ID:541958362Not found
Tweet ID:842837469Not found
Tweet ID:541946602Not found
Tweet ID:842780403Not found
Tweet ID:541944642Not found
Tweet ID:842679962Not found
Tweet ID:541710362Not found
Tweet ID:842650739Not found
Tweet ID:541707852Not found
Tweet ID:842628463Not found
Tweet ID:541643592Not found
Tweet ID:842623405Not found
Tweet ID:541604322Not found
Tweet ID:842568893Not found
Tweet ID:541555752Not found
Tweet ID:842524839Not found
Tweet ID:541478502Not found
Tweet ID:842512785Not found
Tweet ID:541477512Not found
Tweet ID:842512380Not found
Tweet ID:842211921Not found
Tweet ID:842211751Not found
Tweet ID:541472782Not found
Tweet ID:842190704Not found
Tweet ID:541221772Not found
Tweet ID:842155480Not found
Tweet ID:540099982Not found
Tweet ID:842129850Not found
Tweet ID:539576792Not found
Tweet ID:539515032Not found
Tweet ID:842117133Not found
Tweet ID:539492342Not found
Tweet ID:842041052Not found
Tweet ID:539423322Not found
Tweet ID:842040946Not found
Tweet ID:539418812Not found
Tweet ID:841998283Not found
Tweet ID:539373472Not found
Tweet ID:841988351Not found
Tweet ID:539371852Not found
Tweet ID:841980944Not found
Tweet ID:539366772Not found
Tweet ID:841896553Not found
Tweet ID:539361182Not found
Tweet ID:841827082Not found
Tweet ID:539325172Not found
Tweet ID:841826699Not found
Tweet ID:539307602Not found
Tweet ID:841819035Not found
Tweet ID:539306012Not found
Tweet ID:841816719Not found
Tweet ID:539304772Not found
Tweet ID:841790455Not found
Tweet ID:538432862Not found
Tweet ID:841786819Not found
Tweet ID:841753120Not found
Tweet ID:841735548Not found
Tweet ID:538429052Not found
Tweet ID:841715046Not found
Tweet ID:538406692Not found
Tweet ID:841682988Not found
Tweet ID:538221642Not found
Tweet ID:841653703Not found
Tweet ID:538176662Not found
Tweet ID:841328343Not found
Tweet ID:538147872Not found
Tweet ID:841246398Not found
Tweet ID:538110662Not found
Tweet ID:841130697Not found
Tweet ID:536330382Not found
Tweet ID:841081498Not found
Tweet ID:536285652Not found
Tweet ID:841066659Not found
Tweet ID:536283912Not found
Tweet ID:841012441Not found
Tweet ID:536283502Not found
Tweet ID:841011866Not found
Tweet ID:535408242Not found
Tweet ID:841010858Not found
Tweet ID:535327482Not found
Tweet ID:841008074Not found
Tweet ID:535283192Not found
Tweet ID:841005573Not found
Tweet ID:535259112Not found
Tweet ID:840991848Not found
Tweet ID:535256002Not found
Tweet ID:840990793Not found
Tweet ID:533542182Not found
Tweet ID:840986912Not found
Tweet ID:533540282Not found
Tweet ID:840986188Not found
Tweet ID:533535222Not found
Tweet ID:840985777Not found
Tweet ID:533435442Not found
Tweet ID:840984960Not found
Tweet ID:533428562Not found
Tweet ID:840982890Not found
Tweet ID:533230082Not found
Tweet ID:533049752Not found
Tweet ID:532838672Not found
Tweet ID:840980972Not found
Tweet ID:532826512Not found
Tweet ID:840980702Not found
Tweet ID:532673872Not found
Tweet ID:840980245Not found
Tweet ID:532669752Not found
Tweet ID:840980046Not found
Tweet ID:532648092Not found
Tweet ID:840979382Not found
Tweet ID:532645152Not found
Tweet ID:840976530Not found
Tweet ID:532634302Not found
Tweet ID:840975548Not found
Tweet ID:532616202Not found
Tweet ID:840970787Not found
Tweet ID:532606132Not found
Tweet ID:840969865Not found
Tweet ID:530946862Not found
Tweet ID:840958808Not found
Tweet ID:530818362Not found
Tweet ID:840956757Not found
Tweet ID:530814982Not found
Tweet ID:840707778Not found
Tweet ID:530814112Not found
Tweet ID:840590509Not found
Tweet ID:530230882Not found
Tweet ID:840590040Not found
Tweet ID:530160482Not found
Tweet ID:840589822Not found
Tweet ID:530138562Not found
Tweet ID:840523581Not found
Tweet ID:530056822Not found
Tweet ID:840514636Not found
Tweet ID:530054032Not found
Tweet ID:840500094Not found
Tweet ID:530000762Not found
Tweet ID:840498449Not found
Tweet ID:529999022Not found
Tweet ID:840496620Not found
Tweet ID:529905282Not found
Tweet ID:840463112Not found
Tweet ID:529899432Not found
Tweet ID:840459128Not found
Tweet ID:529544382Not found
Tweet ID:840449011Not found
Tweet ID:529309322Not found
Tweet ID:840448723Not found
Tweet ID:529308032Not found
Tweet ID:840447913Not found
Tweet ID:529033172Not found
Tweet ID:840433277Not found
Tweet ID:840421086Not found
Tweet ID:840418758Not found
Tweet ID:529012732Not found
Tweet ID:840417187Not found
Tweet ID:528852562Not found
Tweet ID:840416198Not found
Tweet ID:840413917Not found
Tweet ID:840411668Not found
Tweet ID:840411211Not found
Tweet ID:527908542Not found
Tweet ID:840409058Not found
Tweet ID:527672492Not found
Tweet ID:840407261Not found
Tweet ID:527549512Not found
Tweet ID:527489782Not found
Tweet ID:840406044Not found
Tweet ID:527444992Not found
Tweet ID:840397271Not found
Tweet ID:527438732Not found
Tweet ID:840384862Not found
Tweet ID:840384465Not found
Tweet ID:527421102Not found
Tweet ID:840382701Not found
Tweet ID:527389732Not found
Tweet ID:840376849Not found
Tweet ID:527051872Not found
Tweet ID:840376162Not found
Tweet ID:526922042Not found
Tweet ID:840371445Not found
Tweet ID:526902032Not found
Tweet ID:525628542Not found
Tweet ID:524946912Not found
Tweet ID:840341275Not found
Tweet ID:524351642Not found
Tweet ID:840340534Not found
Tweet ID:524301392Not found
Tweet ID:840340107Not found
Tweet ID:524160942Not found
Tweet ID:840037168Not found
Tweet ID:840036800Not found
Tweet ID:839981674Not found
Tweet ID:839943357Not found
Tweet ID:839940120Not found
Tweet ID:839929910Not found
Tweet ID:839914702Not found
Tweet ID:839905866Not found
Tweet ID:839867662Not found
Tweet ID:839766850Not found
Tweet ID:839745672Not found
Tweet ID:839744116Not found
Tweet ID:839687410Not found
Tweet ID:839651542Not found
Tweet ID:839650415Not found
Tweet ID:839644946Not found
Tweet ID:839643898Not found
Tweet ID:839619330Not found
Tweet ID:839605145Not found
Tweet ID:839563158Not found
Tweet ID:839531708Not found
Tweet ID:839525489Not found
Tweet ID:839164087Not found
Tweet ID:839092151Not found
Tweet ID:839039087Not found
Tweet ID:839037493Not found
Tweet ID:839014366Not found
Tweet ID:839010336Not found
Tweet ID:838997021Not found
Tweet ID:838968932Not found
Tweet ID:838952396Not found
Tweet ID:838943776Not found
Tweet ID:838939295Not found
Tweet ID:838923263Not found
Tweet ID:838911786Not found
Tweet ID:838903953Not found
Tweet ID:838903050Not found
Tweet ID:838896842Not found
Tweet ID:838893345Not found
Tweet ID:838892896Not found
Tweet ID:838795532Not found
Tweet ID:838778877Not found
Tweet ID:838737339Not found
Tweet ID:838736605Not found
Tweet ID:838640328Not found
Tweet ID:838638464Not found
Tweet ID:838613991Not found
Tweet ID:838613196Not found
Tweet ID:838604512Not found
Tweet ID:838283240Not found
Tweet ID:838084063Not found
Tweet ID:838081486Not found
Tweet ID:838080944Not found
Tweet ID:838065397Not found
Tweet ID:838013141Not found
Tweet ID:837982203Not found
Tweet ID:837972349Not found
Tweet ID:837928538Not found
Tweet ID:837876626Not found
Tweet ID:837851057Not found
Tweet ID:837832501Not found
Tweet ID:837797070Not found
Tweet ID:837434332Not found
Tweet ID:837395501Not found
Tweet ID:837297393Not found
Tweet ID:837296391Not found
Tweet ID:837294514Not found
Tweet ID:837293305Not found
I´m going to delete 13611 tweets

Tweet ID:550476152Not found
Tweet ID:550190942Not found
Tweet ID:549235822Not found
Tweet ID:549226312Not found
Tweet ID:549175902Not found
Tweet ID:548826692Not found
Tweet ID:548761232Not found
Tweet ID:548719482Not found
Tweet ID:548704272Not found
Tweet ID:547676032Not found
Tweet ID:547459442Not found
Tweet ID:547320192Not found
Tweet ID:547301492Not found
Tweet ID:547244822Not found
Tweet ID:545668222Not found
Tweet ID:544952832Not found
Tweet ID:542672722Not found
Tweet ID:542671412Not found
Tweet ID:542658192Not found
Tweet ID:542612762Not found
Tweet ID:542467962Not found
Tweet ID:542022402Not found
Tweet ID:541964732Not found
Tweet ID:541958362Not found
Tweet ID:541946602Not found
Tweet ID:541944642Not found
Tweet ID:541710362Not found
Tweet ID:541707852Not found
Tweet ID:541643592Not found
Tweet ID:541604322Not found
Tweet ID:541555752Not found
Tweet ID:541478502Not found
Tweet ID:541477512Not found
Tweet ID:541472782Not found
Tweet ID:541221772Not found
Tweet ID:540099982Not found
Tweet ID:539576792Not found
Tweet ID:539515032Not found
Tweet ID:539492342Not found
Tweet ID:539423322Not found
Tweet ID:539418812Not found
Tweet ID:539373472Not found
Tweet ID:539371852Not found
Tweet ID:539366772Not found
Tweet ID:539361182Not found
Tweet ID:539325172Not found
Tweet ID:539307602Not found
Tweet ID:539306012Not found
Tweet ID:539304772Not found
Tweet ID:538432862Not found
Tweet ID:538429052Not found
Tweet ID:538406692Not found
Tweet ID:538221642Not found
Tweet ID:538176662Not found
Tweet ID:538147872Not found
Tweet ID:538110662Not found
Tweet ID:536330382Not found
Tweet ID:536285652Not found
Tweet ID:536283912Not found
Tweet ID:536283502Not found
Tweet ID:535408242Not found
Tweet ID:535327482Not found
Tweet ID:535283192Not found
Tweet ID:535259112Not found
Tweet ID:535256002Not found
Tweet ID:533542182Not found
Tweet ID:533540282Not found
Tweet ID:533535222Not found
Tweet ID:533435442Not found
Tweet ID:533428562Not found
Tweet ID:533230082Not found
Tweet ID:533049752Not found
Tweet ID:532838672Not found
Tweet ID:532826512Not found
Tweet ID:532673872Not found
Tweet ID:532669752Not found
Tweet ID:532648092Not found
Tweet ID:532645152Not found
Tweet ID:532634302Not found
Tweet ID:532616202Not found
Tweet ID:532606132Not found
Tweet ID:530946862Not found
Tweet ID:530818362Not found
Tweet ID:530814982Not found
Tweet ID:530814112Not found
Tweet ID:530230882Not found
Tweet ID:530160482Not found
Tweet ID:530138562Not found
Tweet ID:530056822Not found
Tweet ID:530054032Not found
Tweet ID:530000762Not found
Tweet ID:529999022Not found
Tweet ID:529905282Not found
Tweet ID:529899432Not found
Tweet ID:529544382Not found
Tweet ID:529309322Not found
Tweet ID:529308032Not found
Tweet ID:529033172Not found
Tweet ID:529012732Not found
Tweet ID:528852562Not found
Tweet ID:527908542Not found
Tweet ID:527672492Not found
Tweet ID:527549512Not found
Tweet ID:527489782Not found
Tweet ID:527444992Not found
Tweet ID:527438732Not found
Tweet ID:527421102Not found
Tweet ID:527389732Not found
Tweet ID:527051872Not found
Tweet ID:526922042Not found
Tweet ID:526902032Not found
Tweet ID:525628542Not found
Tweet ID:524946912Not found
Tweet ID:524351642Not found
Tweet ID:524301392Not found
Tweet ID:524160942Not found
Tweet ID:522961942Not found
Tweet ID:522471932Not found
Tweet ID:522421792Not found
Tweet ID:522415942Not found
Tweet ID:522264292Not found
Tweet ID:522232952Not found
Tweet ID:522230542Not found
Tweet ID:522205512Not found
Tweet ID:522183962Not found
Tweet ID:522102362Not found
Tweet ID:522013652Not found
Tweet ID:522007002Not found
Tweet ID:521920532Not found
Tweet ID:521444062Not found
Tweet ID:521260492Not found
Tweet ID:521169452Not found
Tweet ID:520976532Not found
Tweet ID:520766442Not found
Tweet ID:519537452Not found
Tweet ID:519516302Not found
Tweet ID:519515512Not found
Tweet ID:519514212Not found
Tweet ID:519508522Not found
Tweet ID:519505422Not found
Tweet ID:519491962Not found
Tweet ID:518343492Not found
Tweet ID:518342892Not found
Tweet ID:518300732Not found
Tweet ID:518292082Not found
Tweet ID:518256842Not found
Tweet ID:518232392Not found
Tweet ID:518141132Not found
Tweet ID:517613462Not found
Tweet ID:517538412Not found
Tweet ID:517366042Not found
Tweet ID:516047762Not found
Tweet ID:516024292Not found
Tweet ID:515952322Not found
Tweet ID:515615562Not found
Tweet ID:515607792Not found
Tweet ID:515606482Not found
Tweet ID:515604312Not found
Tweet ID:515454862Not found
Tweet ID:515448462Not found
Tweet ID:515446602Not found
Tweet ID:515445102Not found
Tweet ID:514844782Not found
Tweet ID:514829132Not found
Tweet ID:514684322Not found
Tweet ID:514682602Not found
Tweet ID:514087852Not found
Tweet ID:514047822Not found
Tweet ID:514013762Not found
Tweet ID:513909892Not found
Tweet ID:513906442Not found
Tweet ID:513903612Not found
Tweet ID:513901362Not found
Tweet ID:513897512Not found
Tweet ID:513893262Not found
Tweet ID:513892612Not found
Tweet ID:512403112Not found
Tweet ID:512402742Not found
Tweet ID:511152632Not found
Tweet ID:510852102Not found
Tweet ID:510851732Not found
Tweet ID:510846432Not found
Tweet ID:510846152Not found
Tweet ID:510769962Not found
Tweet ID:510607602Not found
Tweet ID:510521332Not found
Tweet ID:510508422Not found
Tweet ID:510504242Not found
Tweet ID:510502282Not found
Tweet ID:510501532Not found
Tweet ID:510494912Not found
Tweet ID:510491942Not found
Tweet ID:510489912Not found
Tweet ID:510486282Not found
Tweet ID:510483642Not found
Tweet ID:510482832Not found
Tweet ID:510479042Not found
Tweet ID:509362992Not found
Tweet ID:509075952Not found
Tweet ID:508685442Not found
Tweet ID:508684172Not found
Tweet ID:508624002Not found
Tweet ID:508513072Not found
Tweet ID:507976782Not found
Tweet ID:507950102Not found
Tweet ID:507885832Not found
Tweet ID:507883712Not found
Tweet ID:506105102Not found
Tweet ID:503837412Not found
Tweet ID:501657282Not found
Tweet ID:501531482Not found
Tweet ID:501529052Not found
Tweet ID:500557812Not found
Tweet ID:500438792Not found
Tweet ID:500424832Not found
Tweet ID:500421232Not found
Tweet ID:500393152Not found
Tweet ID:500354352Not found
Tweet ID:500303872Not found
Tweet ID:500297352Not found
Tweet ID:500295592Not found
Tweet ID:500126712Not found
Tweet ID:500064602Not found
Tweet ID:500037562Not found
Tweet ID:500017492Not found
Tweet ID:500009752Not found
Tweet ID:498715962Not found
Tweet ID:498452452Not found
Tweet ID:498423542Not found
Tweet ID:498346132Not found
Tweet ID:498301652Not found
Tweet ID:498276582Not found
Tweet ID:498274532Not found
Tweet ID:498238902Not found
Tweet ID:498233162Not found
Tweet ID:498004332Not found
Tweet ID:497844322Not found
Tweet ID:497599962Not found
Tweet ID:497582642Not found
Tweet ID:497306432Not found
Tweet ID:497302342Not found
Tweet ID:497260262Not found
Tweet ID:497217832Not found
Tweet ID:497200232Not found
Tweet ID:497194412Not found
Tweet ID:497176672Not found
Tweet ID:497174822Not found
Tweet ID:496789622Not found
Tweet ID:496675052Not found
Tweet ID:496674892Not found
Tweet ID:496559642Not found
Tweet ID:495809662Not found
Tweet ID:495631492Not found
Tweet ID:495491752Not found
Tweet ID:494742482Not found
Tweet ID:494382262Not found
Tweet ID:494331612Not found
Tweet ID:494130362Not found
Tweet ID:494104222Not found
Tweet ID:494087272Not found
Tweet ID:494080822Not found
Tweet ID:493974532Not found
Tweet ID:493959312Not found
Tweet ID:493733342Not found
Tweet ID:493489642Not found
Tweet ID:493421612Not found
Tweet ID:493377152Not found
Tweet ID:493349612Not found
Tweet ID:493317412Not found
Tweet ID:493110532Not found
Tweet ID:493091352Not found
Tweet ID:492992432Not found
Tweet ID:492988072Not found
Tweet ID:492979382Not found
Tweet ID:491796872Not found
Tweet ID:491507532Not found
Tweet ID:491447752Not found
Tweet ID:491443822Not found
Tweet ID:491435172Not found
Tweet ID:491432972Not found
Tweet ID:487183392Not found
Tweet ID:487036702Not found
Tweet ID:486993412Not found
Tweet ID:486990182Not found
Tweet ID:486747772Not found
Tweet ID:486705652Not found
Tweet ID:485254222Not found
Tweet ID:484522722Not found
Tweet ID:484410102Not found
Tweet ID:484409202Not found
Tweet ID:483962462Not found
Tweet ID:483900082Not found
Tweet ID:483825262Not found
Tweet ID:483782062Not found
Tweet ID:483659612Not found
Tweet ID:483618472Not found
Tweet ID:483553952Not found
Tweet ID:479571232Not found
Tweet ID:479560442Not found
Tweet ID:479559502Not found
Tweet ID:479518642Not found
Tweet ID:479095562Not found
Tweet ID:479018732Not found
Tweet ID:478856022Not found
Tweet ID:478844542Not found
Tweet ID:478825092Not found
Tweet ID:478623072Not found
Tweet ID:478622192Not found
Tweet ID:478605162Not found
Tweet ID:478604552Not found
Tweet ID:478569742Not found
Tweet ID:478438942Not found
Tweet ID:478434042Not found
Tweet ID:476956512Not found
Tweet ID:476656792Not found
Tweet ID:476646632Not found
Tweet ID:476626492Not found
Tweet ID:476387862Not found
Tweet ID:476382562Not found
Tweet ID:476319532Not found
Tweet ID:476267862Not found
Tweet ID:475443062Not found
Tweet ID:475411602Not found
Tweet ID:475400362Not found
Tweet ID:475399552Not found
Tweet ID:475265442Not found
Tweet ID:475142822Not found
Tweet ID:475110662Not found
Tweet ID:473637322Not found
Tweet ID:472652972Not found
Tweet ID:472651752Not found
Tweet ID:472433552Not found
Tweet ID:472393812Not found
Tweet ID:472304062Not found
Tweet ID:472209842Not found
Tweet ID:472201672Not found
Tweet ID:472199632Not found
Tweet ID:472153122Not found
Tweet ID:472144962Not found
Tweet ID:472121852Not found
Tweet ID:472084922Not found
Tweet ID:472080082Not found
Tweet ID:472046592Not found
Tweet ID:472041532Not found
Tweet ID:471962502Not found
Tweet ID:471961082Not found
Tweet ID:471949242Not found
Tweet ID:471930652Not found
Tweet ID:471900672Not found
Tweet ID:471746692Not found
Tweet ID:470552302Not found
Tweet ID:470525212Not found
Tweet ID:470377372Not found
Tweet ID:470238882Not found
Tweet ID:469959202Not found
Tweet ID:469856872Not found
Tweet ID:469549022Not found
Tweet ID:469468372Not found
Tweet ID:468466162Not found
Tweet ID:468324452Not found
Tweet ID:468234452Not found
Tweet ID:468221412Not found
Tweet ID:468166182Not found
Tweet ID:468079562Not found
Tweet ID:467962462Not found
Tweet ID:467961032Not found
Tweet ID:467951472Not found
Tweet ID:467942632Not found
Tweet ID:467934032Not found
Tweet ID:467877342Not found
Tweet ID:467870592Not found
Tweet ID:467857592Not found
Tweet ID:467794992Not found
Tweet ID:467726322Not found
Tweet ID:467055682Not found
Tweet ID:466808572Not found
Tweet ID:466806402Not found
Tweet ID:466216292Not found
Tweet ID:466040332Not found
Tweet ID:466004202Not found
Tweet ID:465947652Not found
Tweet ID:465868322Not found
Tweet ID:465792652Not found
Tweet ID:465745792Not found
Tweet ID:465726182Not found
Tweet ID:465721722Not found
Tweet ID:465719552Not found
Tweet ID:465701392Not found
Tweet ID:465700462Not found
Tweet ID:465539352Not found
Tweet ID:465282952Not found
Tweet ID:465236322Not found
Tweet ID:465212602Not found
Tweet ID:465204242Not found
Tweet ID:465179452Not found
Tweet ID:465144922Not found
Tweet ID:465133212Not found
Tweet ID:464942992Not found
Tweet ID:464923622Not found
Tweet ID:464844002Not found
Tweet ID:464821192Not found
Tweet ID:463574152Not found
Tweet ID:463510922Not found
Tweet ID:462998532Not found
Tweet ID:462978402Not found
Tweet ID:462889482Not found
Tweet ID:462691332Not found
Tweet ID:462686602Not found
Tweet ID:462636112Not found
Tweet ID:461767372Not found
Tweet ID:461739742Not found
Tweet ID:461732932Not found
Tweet ID:461317052Not found
Tweet ID:461299942Not found
Tweet ID:461181572Not found
Tweet ID:461066652Not found
Tweet ID:460966232Not found
Tweet ID:460901482Not found
Tweet ID:460900262Not found
Tweet ID:460585382Not found
All tweets deleted!


I´m going to delete 5677 tweets

Tweet ID:550476152Not found
Tweet ID:550190942Not found
Tweet ID:549235822Not found
Tweet ID:549226312Not found
Tweet ID:549175902Not found
Tweet ID:548826692Not found
Tweet ID:548761232Not found
Tweet ID:548719482Not found
Tweet ID:548704272Not found
Tweet ID:547676032Not found
Tweet ID:547459442Not found
Tweet ID:547320192Not found
Tweet ID:547301492Not found
Tweet ID:547244822Not found
Tweet ID:545668222Not found
Tweet ID:544952832Not found
Tweet ID:542672722Not found
Tweet ID:542671412Not found
Tweet ID:542658192Not found
Tweet ID:542612762Not found
Tweet ID:542467962Not found
Tweet ID:542022402Not found
Tweet ID:541964732Not found
Tweet ID:541958362Not found
Tweet ID:541946602Not found
Tweet ID:541944642Not found
Tweet ID:541710362Not found
Tweet ID:541707852Not found
Tweet ID:541643592Not found
Tweet ID:541604322Not found
Tweet ID:541555752Not found
Tweet ID:541478502Not found
Tweet ID:541477512Not found
Tweet ID:541472782Not found
Tweet ID:541221772Not found
Tweet ID:540099982Not found
Tweet ID:539576792Not found
Tweet ID:539515032Not found
Tweet ID:539492342Not found
Tweet ID:539423322Not found
Tweet ID:539418812Not found
Tweet ID:539373472Not found
Tweet ID:539371852Not found
Tweet ID:539366772Not found
Tweet ID:539361182Not found
Tweet ID:539325172Not found
Tweet ID:539307602Not found
Tweet ID:539306012Not found
Tweet ID:539304772Not found
Tweet ID:538432862Not found
Tweet ID:538429052Not found
Tweet ID:538406692Not found
Tweet ID:538221642Not found
Tweet ID:538176662Not found
Tweet ID:538147872Not found
Tweet ID:538110662Not found
Tweet ID:536330382Not found
Tweet ID:536285652Not found
Tweet ID:536283912Not found
Tweet ID:536283502Not found
Tweet ID:535408242Not found
Tweet ID:535327482Not found
Tweet ID:535283192Not found
Tweet ID:535259112Not found
Tweet ID:535256002Not found
Tweet ID:533542182Not found
Tweet ID:533540282Not found
Tweet ID:533535222Not found
Tweet ID:533435442Not found
Tweet ID:533428562Not found
Tweet ID:533230082Not found
Tweet ID:533049752Not found
Tweet ID:532838672Not found
Tweet ID:532826512Not found
Tweet ID:532673872Not found
Tweet ID:532669752Not found
Tweet ID:532648092Not found
Tweet ID:532645152Not found
Tweet ID:532634302Not found
Tweet ID:532616202Not found
Tweet ID:532606132Not found
Tweet ID:530946862Not found
Tweet ID:530818362Not found
Tweet ID:530814982Not found
Tweet ID:530814112Not found
Tweet ID:530230882Not found
Tweet ID:530160482Not found
Tweet ID:530138562Not found
Tweet ID:530056822Not found
Tweet ID:530054032Not found
Tweet ID:530000762Not found
Tweet ID:529999022Not found
Tweet ID:529905282Not found
Tweet ID:529899432Not found
Tweet ID:529544382Not found
Tweet ID:529309322Not found
Tweet ID:529308032Not found
Tweet ID:529033172Not found
Tweet ID:529012732Not found
Tweet ID:528852562Not found
Tweet ID:527908542Not found
Tweet ID:527672492Not found
Tweet ID:527549512Not found
Tweet ID:527489782Not found
Tweet ID:527444992Not found
Tweet ID:527438732Not found
Tweet ID:527421102Not found
Tweet ID:527389732Not found
Tweet ID:527051872Not found
Tweet ID:526922042Not found
Tweet ID:526902032Not found
Tweet ID:525628542Not found
Tweet ID:524946912Not found
Tweet ID:524351642Not found
Tweet ID:524301392Not found
Tweet ID:524160942Not found
Tweet ID:522961942Not found
Tweet ID:522471932Not found
Tweet ID:522421792Not found
Tweet ID:522415942Not found
Tweet ID:522264292Not found
Tweet ID:522232952Not found
Tweet ID:522230542Not found
Tweet ID:522205512Not found
Tweet ID:522183962Not found
Tweet ID:522102362Not found
Tweet ID:522013652Not found
Tweet ID:522007002Not found
Tweet ID:521920532Not found
Tweet ID:521444062Not found
Tweet ID:521260492Not found
Tweet ID:521169452Not found
Tweet ID:520976532Not found
Tweet ID:520766442Not found
Tweet ID:519537452Not found
Tweet ID:519516302Not found
Tweet ID:519515512Not found
Tweet ID:519514212Not found
Tweet ID:519508522Not found
Tweet ID:519505422Not found
Tweet ID:519491962Not found
Tweet ID:518343492Not found
Tweet ID:518342892Not found
Tweet ID:518300732Not found
Tweet ID:518292082Not found
Tweet ID:518256842Not found
Tweet ID:518232392Not found
Tweet ID:518141132Not found
Tweet ID:517613462Not found
Tweet ID:517538412Not found
Tweet ID:517366042Not found
Tweet ID:516047762Not found
Tweet ID:516024292Not found
Tweet ID:515952322Not found
Tweet ID:515615562Not found
Tweet ID:515607792Not found
Tweet ID:515606482Not found
Tweet ID:515604312Not found
Tweet ID:515454862Not found
Tweet ID:515448462Not found
Tweet ID:515446602Not found
Tweet ID:515445102Not found
Tweet ID:514844782Not found
Tweet ID:514829132Not found
Tweet ID:514684322Not found
Tweet ID:514682602Not found
Tweet ID:514087852Not found
Tweet ID:514047822Not found
Tweet ID:514013762Not found
Tweet ID:513909892Not found
Tweet ID:513906442Not found
Tweet ID:513903612Not found
Tweet ID:513901362Not found
Tweet ID:513897512Not found
Tweet ID:513893262Not found
Tweet ID:513892612Not found
Tweet ID:512403112Not found
Tweet ID:512402742Not found
Tweet ID:511152632Not found
Tweet ID:510852102Not found
Tweet ID:510851732Not found
Tweet ID:510846432Not found
Tweet ID:510846152Not found
Tweet ID:510769962Not found
Tweet ID:510607602Not found
Tweet ID:510521332Not found
Tweet ID:510508422Not found
Tweet ID:510504242Not found
Tweet ID:510502282Not found
Tweet ID:510501532Not found
Tweet ID:510494912Not found
Tweet ID:510491942Not found
Tweet ID:510489912Not found
Tweet ID:510486282Not found
Tweet ID:510483642Not found
Tweet ID:510482832Not found
Tweet ID:510479042Not found
Tweet ID:509362992Not found
Tweet ID:509075952Not found
Tweet ID:508685442Not found
Tweet ID:508684172Not found
Tweet ID:508624002Not found
Tweet ID:508513072Not found
Tweet ID:507976782Not found
Tweet ID:507950102Not found
Tweet ID:507885832Not found
Tweet ID:507883712Not found
Tweet ID:506105102Not found
Tweet ID:503837412Not found
Tweet ID:501657282Not found
Tweet ID:501531482Not found
Tweet ID:501529052Not found
Tweet ID:500557812Not found
Tweet ID:500438792Not found
Tweet ID:500424832Not found
Tweet ID:500421232Not found
Tweet ID:500393152Not found
Tweet ID:500354352Not found
Tweet ID:500303872Not found
Tweet ID:500297352Not found
Tweet ID:500295592Not found
Tweet ID:500126712Not found
Tweet ID:500064602Not found
Tweet ID:500037562Not found
Tweet ID:500017492Not found
Tweet ID:500009752Not found
Tweet ID:498715962Not found
Tweet ID:498452452Not found
Tweet ID:498423542Not found
Tweet ID:498346132Not found
Tweet ID:498301652Not found
Tweet ID:498276582Not found
Tweet ID:498274532Not found
Tweet ID:498238902Not found
Tweet ID:498233162Not found
Tweet ID:498004332Not found
Tweet ID:497844322Not found
Tweet ID:497599962Not found
Tweet ID:497582642Not found
Tweet ID:497306432Not found
Tweet ID:497302342Not found
Tweet ID:497260262Not found
Tweet ID:497217832Not found
Tweet ID:497200232Not found
Tweet ID:497194412Not found
Tweet ID:497176672Not found
Tweet ID:497174822Not found
Tweet ID:496789622Not found
Tweet ID:496675052Not found
Tweet ID:496674892Not found
Tweet ID:496559642Not found
Tweet ID:495809662Not found
Tweet ID:495631492Not found
Tweet ID:495491752Not found
Tweet ID:494742482Not found
Tweet ID:494382262Not found
Tweet ID:494331612Not found
Tweet ID:494130362Not found
Tweet ID:494104222Not found
Tweet ID:494087272Not found
Tweet ID:494080822Not found
Tweet ID:493974532Not found
Tweet ID:493959312Not found
Tweet ID:493733342Not found
Tweet ID:493489642Not found
Tweet ID:493421612Not found
Tweet ID:493377152Not found
Tweet ID:493349612Not found
Tweet ID:493317412Not found
Tweet ID:493110532Not found
Tweet ID:493091352Not found
Tweet ID:492992432Not found
Tweet ID:492988072Not found
Tweet ID:492979382Not found
Tweet ID:491796872Not found
Tweet ID:491507532Not found
Tweet ID:491447752Not found
Tweet ID:491443822Not found
Tweet ID:491435172Not found
Tweet ID:491432972Not found
Tweet ID:487183392Not found
Tweet ID:487036702Not found
Tweet ID:486993412Not found
Tweet ID:486990182Not found
Tweet ID:486747772Not found
Tweet ID:486705652Not found
Tweet ID:485254222Not found
Tweet ID:484522722Not found
Tweet ID:484410102Not found
Tweet ID:484409202Not found
Tweet ID:483962462Not found
Tweet ID:483900082Not found
Tweet ID:483825262Not found
Tweet ID:483782062Not found
Tweet ID:483659612Not found
Tweet ID:483618472Not found
Tweet ID:483553952Not found
Tweet ID:479571232Not found
Tweet ID:479560442Not found
Tweet ID:479559502Not found
Tweet ID:479518642Not found
Tweet ID:479095562Not found
Tweet ID:479018732Not found
Tweet ID:478856022Not found
Tweet ID:478844542Not found
Tweet ID:478825092Not found
Tweet ID:478623072Not found
Tweet ID:478622192Not found
Tweet ID:478605162Not found
Tweet ID:478604552Not found
Tweet ID:478569742Not found
Tweet ID:478438942Not found
Tweet ID:478434042Not found
Tweet ID:476956512Not found
Tweet ID:476656792Not found
Tweet ID:476646632Not found
Tweet ID:476626492Not found
Tweet ID:476387862Not found
Tweet ID:476382562Not found
Tweet ID:476319532Not found
Tweet ID:476267862Not found
Tweet ID:475443062Not found
Tweet ID:475411602Not found
Tweet ID:475400362Not found
Tweet ID:475399552Not found
Tweet ID:475265442Not found
Tweet ID:475142822Not found
Tweet ID:475110662Not found
Tweet ID:473637322Not found
Tweet ID:472652972Not found
Tweet ID:472651752Not found
Tweet ID:472433552Not found
Tweet ID:472393812Not found
Tweet ID:472304062Not found
Tweet ID:472209842Not found
Tweet ID:472201672Not found
Tweet ID:472199632Not found
Tweet ID:472153122Not found
Tweet ID:472144962Not found
Tweet ID:472121852Not found
Tweet ID:472084922Not found
Tweet ID:472080082Not found
Tweet ID:472046592Not found
Tweet ID:472041532Not found
Tweet ID:471962502Not found
Tweet ID:471961082Not found
Tweet ID:471949242Not found
Tweet ID:471930652Not found
Tweet ID:471900672Not found
Tweet ID:471746692Not found
Tweet ID:470552302Not found
Tweet ID:470525212Not found
Tweet ID:470377372Not found
Tweet ID:470238882Not found
Tweet ID:469959202Not found
Tweet ID:469856872Not found
Tweet ID:469549022Not found
Tweet ID:469468372Not found
Tweet ID:468466162Not found
Tweet ID:468324452Not found
Tweet ID:468234452Not found
Tweet ID:468221412Not found
Tweet ID:468166182Not found
Tweet ID:468079562Not found
Tweet ID:467962462Not found
Tweet ID:467961032Not found
Tweet ID:467951472Not found
Tweet ID:467942632Not found
Tweet ID:467934032Not found
Tweet ID:467877342Not found
Tweet ID:467870592Not found
Tweet ID:467857592Not found
Tweet ID:467794992Not found
Tweet ID:467726322Not found
Tweet ID:467055682Not found
Tweet ID:466808572Not found
Tweet ID:466806402Not found
Tweet ID:466216292Not found
Tweet ID:466040332Not found
Tweet ID:466004202Not found
Tweet ID:465947652Not found
Tweet ID:465868322Not found
Tweet ID:465792652Not found
Tweet ID:465745792Not found
Tweet ID:465726182Not found
Tweet ID:465721722Not found
Tweet ID:465719552Not found
Tweet ID:465701392Not found
Tweet ID:465700462Not found
Tweet ID:465539352Not found
Tweet ID:465282952Not found
Tweet ID:465236322Not found
Tweet ID:465212602Not found
Tweet ID:465204242Not found
Tweet ID:465179452Not found
Tweet ID:465144922Not found
Tweet ID:465133212Not found
Tweet ID:464942992Not found
Tweet ID:464923622Not found
Tweet ID:464844002Not found
Tweet ID:464821192Not found
Tweet ID:463574152Not found
Tweet ID:463510922Not found
Tweet ID:462998532Not found
Tweet ID:462978402Not found
Tweet ID:462889482Not found
Tweet ID:462691332Not found
Tweet ID:462686602Not found
Tweet ID:462636112Not found
Tweet ID:461767372Not found
Tweet ID:461739742Not found
Tweet ID:461732932Not found
Tweet ID:461317052Not found
Tweet ID:461299942Not found
Tweet ID:461181572Not found
Tweet ID:461066652Not found
Tweet ID:460966232Not found
Tweet ID:460901482Not found
Tweet ID:460900262Not found
Tweet ID:460585382Not found
All tweets deleted!


Could not open input file: php
